\BOOKMARK [1][-]{section*.1}{\376\377\000P\000r\000o\000b\000l\000e\000m\000\040\0001\000\040\000\050\0001\0000\000p\000\051}{}% 1
\BOOKMARK [2][-]{section*.2}{\376\377\000a\000\051\000\040\000R\000i\000d\000g\000e\000\040\000R\000e\000g\000r\000e\000s\000s\000i\000o\000n\000\040\000\050\0002\000p\000\051}{section*.1}% 2
\BOOKMARK [2][-]{section*.3}{\376\377\000b\000\051\000\040\000\050\0002\000p\000\051}{section*.1}% 3
\BOOKMARK [2][-]{section*.4}{\376\377\000c\000\051\000\040\000\050\0002\000P\000\051\000\040\000-\000\040\000M\000u\000l\000t\000i\000p\000l\000e\000\040\000c\000h\000o\000i\000c\000e}{section*.1}% 4
\BOOKMARK [2][-]{section*.5}{\376\377\000d\000\051\000\040\000F\000o\000r\000w\000a\000r\000d\000\040\000S\000e\000l\000e\000c\000t\000i\000o\000n}{section*.1}% 5
\BOOKMARK [2][-]{section*.6}{\376\377\000e\000\051\000\040\000\050\0002\000p\000\051}{section*.1}% 6
\BOOKMARK [1][-]{section*.7}{\376\377\000P\000r\000o\000b\000l\000e\000m\000\040\0002\000\040\000\050\0009\000p\000\051}{}% 7
\BOOKMARK [2][-]{section*.8}{\376\377\000a\000\051\000\040\000\050\0002\000p\000\051\000\040\000-\000\040\000M\000u\000l\000t\000i\000p\000l\000e\000\040\000c\000h\000o\000i\000c\000e}{section*.7}% 8
\BOOKMARK [2][-]{section*.9}{\376\377\000b\000\051\000\040\000\050\0002\000p\000\051}{section*.7}% 9
\BOOKMARK [2][-]{section*.10}{\376\377\000c\000\051\000\040\000\050\0002\000p\000\051}{section*.7}% 10
\BOOKMARK [2][-]{section*.11}{\376\377\000d\000\051\000\040\000\050\0003\000P\000\051}{section*.7}% 11
\BOOKMARK [1][-]{section*.12}{\376\377\000P\000r\000o\000b\000l\000e\000m\000\040\0003\000\040\000\050\0009\000p\000\051}{}% 12
\BOOKMARK [2][-]{section*.13}{\376\377\000a\000\051\000\040\000\050\0002\000P\000\051\000\040\000-\000\040\000M\000u\000l\000t\000i\000p\000l\000e\000\040\000c\000h\000o\000i\000c\000e}{section*.12}% 13
\BOOKMARK [2][-]{section*.14}{\376\377\000b\000\051\000\040\000\050\0004\000P\000\051}{section*.12}% 14
\BOOKMARK [2][-]{section*.15}{\376\377\000c\000\051\000\040\000\050\0002\000p\000\051}{section*.12}% 15
\BOOKMARK [1][-]{section*.16}{\376\377\000P\000r\000o\000b\000l\000e\000m\000\040\0004\000\040\000\050\0001\0002\000P\000\051}{}% 16
\BOOKMARK [2][-]{section*.17}{\376\377\000a\000\051\000\040\000\050\0002\000P\000\051\000\040\000-\000\040\000M\000u\000l\000t\000i\000p\000l\000e\000\040\000c\000h\000o\000i\000c\000e}{section*.16}% 17
\BOOKMARK [2][-]{section*.18}{\376\377\000b\000\051\000\040\000\050\0004\000P\000\051}{section*.16}% 18
\BOOKMARK [2][-]{section*.19}{\376\377\000c\000\051\000\040\000\050\0002\000P\000\051}{section*.16}% 19
\BOOKMARK [2][-]{section*.20}{\376\377\000d\000\051\000\040\000\050\0002\000P\000\051\000\040\000-\000\040\000M\000u\000l\000t\000i\000p\000l\000e\000\040\000c\000h\000o\000i\000c\000e}{section*.16}% 20
\BOOKMARK [2][-]{section*.21}{\376\377\000e\000\051\000\040\000\050\0002\000P\000\051\000\040\000L\000i\000n\000k\000\040\000t\000o\000\040\000l\000o\000g\000i\000s\000t\000i\000c\000\040\000r\000e\000g\000r\000e\000s\000s\000i\000o\000n\000\040\000a\000n\000d\000\040\000h\000i\000n\000g\000e\000\040\000l\000o\000s\000s\000.}{section*.16}% 21
\BOOKMARK [1][-]{section*.22}{\376\377\000P\000r\000o\000b\000l\000e\000m\000\040\0005\000\040\000\050\0001\0000\000P\000\051}{}% 22
\BOOKMARK [2][-]{section*.23}{\376\377\000a\000\051\000\040\000\050\0002\000P\000\051}{section*.22}% 23
\BOOKMARK [2][-]{section*.24}{\376\377\000b\000\051\000\040\000\050\0002\000P\000\051}{section*.22}% 24
\BOOKMARK [2][-]{section*.25}{\376\377\000c\000\051\000\040\000\050\0001\000P\000\051}{section*.22}% 25
\BOOKMARK [2][-]{section*.26}{\376\377\000d\000\051\000\040\000\050\0002\000P\000\051}{section*.22}% 26
\BOOKMARK [2][-]{section*.27}{\376\377\000e\000\051\000\040\000\050\0001\000P\000\051}{section*.22}% 27
\BOOKMARK [2][-]{section*.28}{\376\377\000f\000\051\000\040\000\050\0002\000P\000\051}{section*.22}% 28
